<?xml version="1.0" encoding="UTF-8"?>
<testng-results ignored="0" total="1" passed="1" failed="0" skipped="0">
  <reporter-output>
  </reporter-output>
  <suite started-at="2025-05-19T13:48:57 IST" name="Default suite" finished-at="2025-05-19T13:49:50 IST" duration-ms="52620">
    <groups>
    </groups>
    <test started-at="2025-05-19T13:48:57 IST" name="Default test" finished-at="2025-05-19T13:49:50 IST" duration-ms="52620">
      <class name="Tests.TestScenario43">
        <test-method is-config="true" signature="init()[pri:0, instance:Tests.TestScenario43@5e0e82ae]" started-at="2025-05-19T13:48:53 IST" name="init" finished-at="2025-05-19T13:48:57 IST" duration-ms="4688" status="PASS">
          <reporter-output>
          </reporter-output>
        </test-method> <!-- init -->
        <test-method signature="case3()[pri:0, instance:Tests.TestScenario43@5e0e82ae]" started-at="2025-05-19T13:48:57 IST" name="case3" finished-at="2025-05-19T13:49:50 IST" duration-ms="52592" status="PASS">
          <reporter-output>
          </reporter-output>
        </test-method> <!-- case3 -->
        <test-method is-config="true" signature="getResult(org.testng.ITestResult)[pri:0, instance:Tests.TestScenario43@5e0e82ae]" started-at="2025-05-19T13:49:50 IST" name="getResult" finished-at="2025-05-19T13:49:50 IST" duration-ms="3" status="PASS">
          <params>
            <param index="0">
              <value>
                <![CDATA[[TestResult name=case3 status=SUCCESS method=TestScenario43.case3()[pri:0, instance:Tests.TestScenario43@5e0e82ae] output={null}]]]>
              </value>
            </param>
          </params>
          <reporter-output>
          </reporter-output>
        </test-method> <!-- getResult -->
        <test-method is-config="true" signature="reportGenerate()[pri:0, instance:Tests.TestScenario43@5e0e82ae]" started-at="2025-05-19T13:49:50 IST" name="reportGenerate" finished-at="2025-05-19T13:49:50 IST" duration-ms="267" status="PASS">
          <reporter-output>
          </reporter-output>
        </test-method> <!-- reportGenerate -->
      </class> <!-- Tests.TestScenario43 -->
    </test> <!-- Default test -->
  </suite> <!-- Default suite -->
</testng-results>
